2019-02-28 17:16:17,428 - BasePage - INFO - 打开浏览器
2019-02-28 17:16:17,428 - DiscuzSearch - INFO - 获取网页
2019-02-28 17:16:17,798 - HomePage - INFO - 登录
2019-02-28 17:16:17,798 - DiscuzSearch - INFO - 登录成功
2019-02-28 17:17:01,130 - HomePage - INFO - 发表
2019-02-28 17:17:01,131 - DiscuzSearch - INFO - 发表成功
2019-02-28 17:17:11,013 - HomePage - INFO - 回复
2019-02-28 17:17:11,013 - DiscuzSearch - INFO - 回复成功
2019-02-28 17:17:21,375 - HomePage - INFO - 退出
2019-02-28 17:17:21,376 - DiscuzSearch - INFO - 退出成功
2019-02-28 17:17:39,178 - BasePage - INFO - 打开浏览器
2019-02-28 17:17:39,178 - DiscuzSearch2 - INFO - 获取网页
2019-02-28 17:17:39,554 - DiscuzSearch2 - INFO - 管理员登录成功
2019-02-28 17:18:12,942 - DiscuzSearch2 - INFO - 删除成功
2019-02-28 17:19:10,192 - DiscuzSearch2 - INFO - 添加新版块成功
2019-02-28 17:19:22,718 - DiscuzSearch2 - INFO - 管理员退出成功
2019-02-28 17:19:23,064 - DiscuzSearch2 - INFO - 普通用户登录成功
2019-02-28 17:19:49,599 - DiscuzSearch2 - INFO - 普通用户发帖成功
2019-02-28 17:19:59,212 - DiscuzSearch2 - INFO - 普通用户回复成功
2019-02-28 17:20:08,620 - BasePage - INFO - 打开浏览器
2019-02-28 17:20:08,620 - DiscuzSearch3 - INFO - 网页获取成功
2019-02-28 17:20:09,009 - DiscuzSearch3 - INFO - 登录成功
2019-02-28 17:20:23,540 - DiscuzSearch3 - INFO - 断言验证成功
2019-02-28 17:20:36,067 - DiscuzSearch3 - INFO - 退出成功
2019-02-28 17:20:55,025 - BasePage - INFO - 打开浏览器
2019-02-28 17:20:55,025 - DiscuzSearch4 - INFO - 网页获取成功
2019-02-28 17:21:06,653 - DiscuzSearch4 - INFO - 登录成功
2019-02-28 17:21:54,966 - DiscuzSearch4 - INFO - 投票成功
2019-02-28 17:21:55,256 - DiscuzSearch4 - INFO - 取值成功
