2019-02-28 19:17:57,893 - BasePage - INFO - 打开浏览器
2019-02-28 19:17:57,894 - DiscuzSearch - INFO - 获取网页
2019-02-28 19:17:58,271 - HomePage - INFO - 登录
2019-02-28 19:17:58,271 - DiscuzSearch - INFO - 登录成功
2019-02-28 19:18:32,311 - HomePage - INFO - 发表
2019-02-28 19:18:32,312 - DiscuzSearch - INFO - 发表成功
2019-02-28 19:18:42,024 - HomePage - INFO - 回复
2019-02-28 19:18:42,024 - DiscuzSearch - INFO - 回复成功
2019-02-28 19:18:43,508 - HomePage - INFO - 退出
2019-02-28 19:18:43,508 - DiscuzSearch - INFO - 退出成功
2019-02-28 19:18:54,550 - BasePage - INFO - 打开浏览器
2019-02-28 19:18:54,550 - DiscuzSearch2 - INFO - 获取网页
2019-02-28 19:18:54,977 - DiscuzSearch2 - INFO - 管理员登录成功
2019-02-28 19:19:39,076 - DiscuzSearch2 - INFO - 删除成功
2019-02-28 19:20:08,621 - DiscuzSearch2 - INFO - 添加新版块成功
2019-02-28 19:20:21,144 - DiscuzSearch2 - INFO - 管理员退出成功
2019-02-28 19:20:21,474 - DiscuzSearch2 - INFO - 普通用户登录成功
2019-02-28 19:21:03,899 - DiscuzSearch2 - INFO - 普通用户发帖成功
2019-02-28 19:21:13,454 - DiscuzSearch2 - INFO - 普通用户回复成功
2019-02-28 19:21:22,793 - BasePage - INFO - 打开浏览器
2019-02-28 19:21:22,793 - DiscuzSearch3 - INFO - 网页获取成功
