2019-02-28 19:05:45,914 - BasePage - INFO - 打开浏览器
2019-02-28 19:05:45,914 - DiscuzSearch - INFO - 获取网页
2019-02-28 19:05:51,214 - HomePage - INFO - 登录
2019-02-28 19:05:51,214 - DiscuzSearch - INFO - 登录成功
2019-02-28 19:07:23,812 - HomePage - INFO - 发表
2019-02-28 19:07:23,812 - DiscuzSearch - INFO - 发表成功
2019-02-28 19:07:34,661 - HomePage - INFO - 回复
2019-02-28 19:07:34,661 - DiscuzSearch - INFO - 回复成功
2019-02-28 19:07:35,545 - HomePage - INFO - 退出
2019-02-28 19:07:35,569 - DiscuzSearch - INFO - 退出成功
2019-02-28 19:07:58,409 - BasePage - INFO - 打开浏览器
2019-02-28 19:07:58,409 - DiscuzSearch2 - INFO - 获取网页
2019-02-28 19:07:58,761 - DiscuzSearch2 - INFO - 管理员登录成功
2019-02-28 19:08:41,197 - DiscuzSearch2 - INFO - 删除成功
2019-02-28 19:09:13,547 - BasePage - INFO - 打开浏览器
2019-02-28 19:09:13,548 - DiscuzSearch3 - INFO - 网页获取成功
2019-02-28 19:09:13,867 - DiscuzSearch3 - INFO - 登录成功
2019-02-28 19:09:55,154 - DiscuzSearch3 - INFO - 断言验证成功
2019-02-28 19:10:02,606 - DiscuzSearch3 - INFO - 退出成功
2019-02-28 19:10:30,518 - BasePage - INFO - 打开浏览器
2019-02-28 19:10:30,519 - DiscuzSearch4 - INFO - 网页获取成功
2019-02-28 19:10:53,913 - DiscuzSearch4 - INFO - 登录成功
2019-02-28 19:11:42,841 - DiscuzSearch4 - INFO - 投票成功
2019-02-28 19:11:43,122 - DiscuzSearch4 - INFO - 取值成功
