2019-03-03 17:01:41,694 - DiscuzSearch - INFO - 获取网页
2019-03-03 17:01:42,385 - HomePage - INFO - 登录
2019-03-03 17:01:42,492 - DiscuzSearch - INFO - 登录成功
2019-03-03 17:02:08,091 - HomePage - INFO - 发表
2019-03-03 17:02:08,110 - DiscuzSearch - INFO - 发表成功
2019-03-03 17:02:18,001 - HomePage - INFO - 回复
2019-03-03 17:02:18,001 - DiscuzSearch - INFO - 回复成功
2019-03-03 17:02:18,469 - HomePage - INFO - 退出
2019-03-03 17:02:18,470 - DiscuzSearch - INFO - 退出成功
2019-03-03 17:02:26,497 - DiscuzSearch2 - INFO - 获取网页
2019-03-03 17:02:26,835 - DiscuzSearch2 - INFO - 管理员登录成功
2019-03-03 17:02:41,050 - DiscuzSearch2 - INFO - 删除成功
2019-03-03 17:03:24,398 - DiscuzSearch2 - INFO - 添加新版块成功
2019-03-03 17:03:32,010 - DiscuzSearch3 - INFO - 网页获取成功
2019-03-03 17:03:32,345 - DiscuzSearch3 - INFO - 登录成功
2019-03-03 17:03:46,873 - DiscuzSearch3 - INFO - 断言验证成功
2019-03-03 17:03:50,151 - DiscuzSearch3 - INFO - 退出成功
2019-03-03 17:03:58,339 - DiscuzSearch4 - INFO - 网页获取成功
2019-03-03 17:04:02,220 - DiscuzSearch4 - INFO - 登录成功
2019-03-03 17:04:17,579 - DiscuzSearch4 - INFO - 投票成功
2019-03-03 17:04:17,884 - DiscuzSearch4 - INFO - 取值成功
