2019-03-03 17:17:51,229 - DiscuzSearch - INFO - 获取网页
2019-03-03 17:17:51,576 - HomePage - INFO - 登录
2019-03-03 17:17:51,576 - DiscuzSearch - INFO - 登录成功
2019-03-03 17:18:05,595 - HomePage - INFO - 发表
2019-03-03 17:18:05,595 - DiscuzSearch - INFO - 发表成功
2019-03-03 17:18:15,089 - HomePage - INFO - 回复
2019-03-03 17:18:15,089 - DiscuzSearch - INFO - 回复成功
2019-03-03 17:18:15,500 - HomePage - INFO - 退出
2019-03-03 17:18:15,501 - DiscuzSearch - INFO - 退出成功
2019-03-03 17:18:23,450 - DiscuzSearch2 - INFO - 获取网页
2019-03-03 17:18:23,788 - DiscuzSearch2 - INFO - 管理员登录成功
2019-03-03 17:18:37,595 - DiscuzSearch2 - INFO - 删除成功
2019-03-03 17:19:24,650 - DiscuzSearch2 - INFO - 添加新版块成功
2019-03-03 17:19:24,939 - DiscuzSearch2 - INFO - 管理员退出成功
2019-03-03 17:19:27,416 - DiscuzSearch2 - INFO - 普通用户登录成功
2019-03-03 17:19:41,194 - DiscuzSearch2 - INFO - 普通用户发帖成功
2019-03-03 17:19:50,693 - DiscuzSearch2 - INFO - 普通用户回复成功
2019-03-03 17:19:58,263 - DiscuzSearch3 - INFO - 网页获取成功
2019-03-03 17:19:58,630 - DiscuzSearch3 - INFO - 登录成功
2019-03-03 17:20:13,203 - DiscuzSearch3 - INFO - 断言验证成功
2019-03-03 17:20:16,502 - DiscuzSearch3 - INFO - 退出成功
2019-03-03 17:20:24,185 - DiscuzSearch4 - INFO - 网页获取成功
2019-03-03 17:20:28,122 - DiscuzSearch4 - INFO - 登录成功
2019-03-03 17:20:43,541 - DiscuzSearch4 - INFO - 投票成功
2019-03-03 17:20:43,845 - DiscuzSearch4 - INFO - 取值成功
