2019-03-03 17:08:52,643 - DiscuzSearch - INFO - 获取网页
2019-03-03 17:08:52,980 - HomePage - INFO - 登录
2019-03-03 17:08:52,980 - DiscuzSearch - INFO - 登录成功
2019-03-03 17:09:07,217 - HomePage - INFO - 发表
2019-03-03 17:09:07,218 - DiscuzSearch - INFO - 发表成功
2019-03-03 17:09:16,735 - HomePage - INFO - 回复
2019-03-03 17:09:16,735 - DiscuzSearch - INFO - 回复成功
2019-03-03 17:09:17,107 - HomePage - INFO - 退出
2019-03-03 17:09:17,108 - DiscuzSearch - INFO - 退出成功
2019-03-03 17:09:25,253 - DiscuzSearch2 - INFO - 获取网页
2019-03-03 17:09:25,630 - DiscuzSearch2 - INFO - 管理员登录成功
2019-03-03 17:09:39,624 - DiscuzSearch2 - INFO - 删除成功
2019-03-03 17:10:26,088 - DiscuzSearch2 - INFO - 添加新版块成功
2019-03-03 17:10:26,388 - DiscuzSearch2 - INFO - 管理员退出成功
2019-03-03 17:10:28,868 - DiscuzSearch2 - INFO - 普通用户登录成功
2019-03-03 17:10:42,913 - DiscuzSearch2 - INFO - 普通用户发帖成功
2019-03-03 17:10:52,459 - DiscuzSearch2 - INFO - 普通用户回复成功
2019-03-03 17:11:01,076 - DiscuzSearch3 - INFO - 网页获取成功
2019-03-03 17:11:01,405 - DiscuzSearch3 - INFO - 登录成功
2019-03-03 17:11:15,964 - DiscuzSearch3 - INFO - 断言验证成功
2019-03-03 17:11:19,243 - DiscuzSearch3 - INFO - 退出成功
2019-03-03 17:11:26,795 - DiscuzSearch4 - INFO - 网页获取成功
2019-03-03 17:11:30,669 - DiscuzSearch4 - INFO - 登录成功
2019-03-03 17:11:45,348 - DiscuzSearch4 - INFO - 投票成功
2019-03-03 17:11:45,643 - DiscuzSearch4 - INFO - 取值成功
