2019-02-28 20:40:25,826 - DiscuzSearch - INFO - 获取网页
2019-02-28 20:40:26,200 - HomePage - INFO - 登录
2019-02-28 20:40:26,200 - DiscuzSearch - INFO - 登录成功
2019-02-28 20:40:59,664 - HomePage - INFO - 发表
2019-02-28 20:40:59,664 - DiscuzSearch - INFO - 发表成功
2019-02-28 20:41:09,459 - HomePage - INFO - 回复
2019-02-28 20:41:09,459 - DiscuzSearch - INFO - 回复成功
2019-02-28 20:41:20,750 - HomePage - INFO - 退出
2019-02-28 20:41:20,751 - DiscuzSearch - INFO - 退出成功
2019-02-28 20:41:38,573 - DiscuzSearch2 - INFO - 获取网页
2019-02-28 20:41:38,990 - DiscuzSearch2 - INFO - 管理员登录成功
2019-02-28 20:42:15,427 - DiscuzSearch2 - INFO - 删除成功
2019-02-28 20:43:17,569 - DiscuzSearch2 - INFO - 添加新版块成功
2019-02-28 20:43:30,770 - DiscuzSearch2 - INFO - 管理员退出成功
2019-02-28 20:43:31,103 - DiscuzSearch2 - INFO - 普通用户登录成功
2019-02-28 20:44:14,504 - DiscuzSearch2 - INFO - 普通用户发帖成功
2019-02-28 20:44:24,152 - DiscuzSearch2 - INFO - 普通用户回复成功
2019-02-28 20:44:43,717 - DiscuzSearch3 - INFO - 网页获取成功
2019-02-28 20:44:44,086 - DiscuzSearch3 - INFO - 登录成功
2019-02-28 20:45:07,014 - DiscuzSearch3 - INFO - 断言验证成功
2019-02-28 20:45:21,357 - DiscuzSearch3 - INFO - 退出成功
2019-02-28 20:45:37,922 - DiscuzSearch4 - INFO - 网页获取成功
2019-02-28 20:45:58,731 - DiscuzSearch4 - INFO - 登录成功
2019-02-28 20:46:55,082 - DiscuzSearch4 - INFO - 投票成功
2019-02-28 20:46:55,373 - DiscuzSearch4 - INFO - 取值成功
