2019-03-04 20:10:28,365 - DiscuzSearch - INFO - 获取网页
2019-03-04 20:10:30,004 - HomePage - INFO - 登录
2019-03-04 20:10:30,147 - DiscuzSearch - INFO - 登录成功
2019-03-04 20:11:10,667 - HomePage - INFO - 发表
2019-03-04 20:11:10,687 - DiscuzSearch - INFO - 发表成功
2019-03-04 20:11:20,592 - HomePage - INFO - 回复
2019-03-04 20:11:20,592 - DiscuzSearch - INFO - 回复成功
2019-03-04 20:11:21,150 - HomePage - INFO - 退出
2019-03-04 20:11:21,150 - DiscuzSearch - INFO - 退出成功
2019-03-04 20:11:30,930 - DiscuzSearch2 - INFO - 获取网页
2019-03-04 20:11:31,326 - DiscuzSearch2 - INFO - 管理员登录成功
2019-03-04 20:11:47,959 - DiscuzSearch2 - INFO - 删除成功
2019-03-04 20:12:49,586 - DiscuzSearch2 - INFO - 添加新版块成功
2019-03-04 20:12:49,963 - DiscuzSearch2 - INFO - 管理员退出成功
2019-03-04 20:12:52,477 - DiscuzSearch2 - INFO - 普通用户登录成功
2019-03-04 20:13:09,540 - DiscuzSearch2 - INFO - 普通用户发帖成功
2019-03-04 20:13:19,174 - DiscuzSearch2 - INFO - 普通用户回复成功
2019-03-04 20:13:29,256 - DiscuzSearch3 - INFO - 网页获取成功
2019-03-04 20:13:29,598 - DiscuzSearch3 - INFO - 登录成功
2019-03-04 20:13:44,170 - DiscuzSearch3 - INFO - 断言验证成功
2019-03-04 20:13:47,515 - DiscuzSearch3 - INFO - 退出成功
2019-03-04 20:13:56,298 - DiscuzSearch4 - INFO - 网页获取成功
2019-03-04 20:14:00,227 - DiscuzSearch4 - INFO - 登录成功
2019-03-04 20:14:25,379 - DiscuzSearch4 - INFO - 投票成功
2019-03-04 20:14:25,675 - DiscuzSearch4 - INFO - 取值成功
